<?xml version="1.0" encoding="UTF-8"?>
<testng-results ignored="0" total="1" passed="1" failed="0" skipped="0">
  <reporter-output>
  </reporter-output>
  <suite started-at="2022-09-05T15:01:31 EDT" name="Default suite" finished-at="2022-09-05T15:01:48 EDT" duration-ms="16998">
    <groups>
    </groups>
    <test started-at="2022-09-05T15:01:31 EDT" name="Default test" finished-at="2022-09-05T15:01:48 EDT" duration-ms="16998">
      <class name="com.amazon.test.AmazonTest">
        <test-method is-config="true" signature="setUpDriver()[pri:0, instance:com.amazon.test.AmazonTest@6c284af]" started-at="2022-09-05T15:01:26 EDT" name="setUpDriver" finished-at="2022-09-05T15:01:31 EDT" duration-ms="4525" status="PASS">
          <reporter-output>
          </reporter-output>
        </test-method> <!-- setUpDriver -->
        <test-method signature="TestCase()[pri:0, instance:com.amazon.test.AmazonTest@6c284af]" started-at="2022-09-05T15:01:31 EDT" name="TestCase" finished-at="2022-09-05T15:01:47 EDT" duration-ms="16781" status="PASS">
          <reporter-output>
          </reporter-output>
        </test-method> <!-- TestCase -->
        <test-method is-config="true" signature="quit()[pri:0, instance:com.amazon.test.AmazonTest@6c284af]" started-at="2022-09-05T15:01:48 EDT" name="quit" finished-at="2022-09-05T15:01:48 EDT" duration-ms="460" status="PASS">
          <reporter-output>
          </reporter-output>
        </test-method> <!-- quit -->
      </class> <!-- com.amazon.test.AmazonTest -->
    </test> <!-- Default test -->
  </suite> <!-- Default suite -->
</testng-results>
