<?xml version="1.0" encoding="UTF-8"?>
<testng-results ignored="0" total="1" passed="1" failed="0" skipped="0">
  <reporter-output>
  </reporter-output>
  <suite started-at="2022-09-05T14:56:25 EDT" name="Default suite" finished-at="2022-09-05T14:56:25 EDT" duration-ms="163">
    <groups>
    </groups>
    <test started-at="2022-09-05T14:56:25 EDT" name="Default test" finished-at="2022-09-05T14:56:25 EDT" duration-ms="163">
      <class name="com.amazon.test.AmazonTest">
        <test-method is-config="true" signature="setUpDriver()[pri:0, instance:com.amazon.test.AmazonTest@6c284af]" started-at="2022-09-05T14:56:20 EDT" name="setUpDriver" finished-at="2022-09-05T14:56:25 EDT" duration-ms="4197" status="PASS">
          <reporter-output>
          </reporter-output>
        </test-method> <!-- setUpDriver -->
        <test-method signature="TestCase()[pri:0, instance:com.amazon.test.AmazonTest@6c284af]" started-at="2022-09-05T14:56:25 EDT" name="TestCase" finished-at="2022-09-05T14:56:25 EDT" duration-ms="47" status="PASS">
          <reporter-output>
          </reporter-output>
        </test-method> <!-- TestCase -->
        <test-method is-config="true" signature="quit()[pri:0, instance:com.amazon.test.AmazonTest@6c284af]" started-at="2022-09-05T14:56:25 EDT" name="quit" finished-at="2022-09-05T14:56:25 EDT" duration-ms="236" status="PASS">
          <reporter-output>
          </reporter-output>
        </test-method> <!-- quit -->
      </class> <!-- com.amazon.test.AmazonTest -->
    </test> <!-- Default test -->
  </suite> <!-- Default suite -->
</testng-results>
